Build output check failed:
    Regex: 'command[- ]line option .* is valid for .* but not for C'
    Output line: 'cc1: warning: command-line option ‘-Wnon-virtual-dtor’ is valid for C++/ObjC++ but not for C'
Compilation failed:
    source file: '/home/szh/opencv-4.8.0/build/CMakeFiles/CMakeTmp/src.c'
    check option: ' -fsigned-char -W -Wall -Wreturn-type  -Wnon-virtual-dtor'
===== BUILD LOG =====
Change Dir: /home/szh/opencv-4.8.0/build/CMakeFiles/CMakeTmp

Run Build Command(s):/usr/bin/gmake -f Makefile cmTC_292bc/fast && /usr/bin/gmake  -f CMakeFiles/cmTC_292bc.dir/build.make CMakeFiles/cmTC_292bc.dir/build
gmake[1]: Entering directory '/home/szh/opencv-4.8.0/build/CMakeFiles/CMakeTmp'
Building C object CMakeFiles/cmTC_292bc.dir/src.c.o
/usr/bin/cc   -O3 -DNDEBUG -fPIE    -fsigned-char -W -Wall -Wreturn-type  -Wnon-virtual-dtor -o CMakeFiles/cmTC_292bc.dir/src.c.o -c /home/szh/opencv-4.8.0/build/CMakeFiles/CMakeTmp/src.c
cc1: warning: command-line option ‘-Wnon-virtual-dtor’ is valid for C++/ObjC++ but not for C
/home/szh/opencv-4.8.0/build/CMakeFiles/CMakeTmp/src.c:1: warning: ignoring ‘#pragma  ’ [-Wunknown-pragmas]
    1 | #pragma
      | 
Linking C executable cmTC_292bc
/usr/bin/cmake -E cmake_link_script CMakeFiles/cmTC_292bc.dir/link.txt --verbose=1
/usr/bin/cc -O3 -DNDEBUG CMakeFiles/cmTC_292bc.dir/src.c.o -o cmTC_292bc 
gmake[1]: Leaving directory '/home/szh/opencv-4.8.0/build/CMakeFiles/CMakeTmp'


===== END =====

Build output check failed:
    Regex: 'command[- ]line option .* is valid for .* but not for C\+\+'
    Output line: 'cc1plus: warning: command-line option ‘-Wmissing-prototypes’ is valid for C/ObjC but not for C++'
Compilation failed:
    source file: '/home/szh/opencv-4.8.0/build/CMakeFiles/CMakeTmp/src.cxx'
    check option: ' -fsigned-char -W -Wall -Wreturn-type -Wnon-virtual-dtor -Waddress -Wsequence-point -Wformat -Wformat-security -Wmissing-declarations  -Wmissing-prototypes'
===== BUILD LOG =====
Change Dir: /home/szh/opencv-4.8.0/build/CMakeFiles/CMakeTmp

Run Build Command(s):/usr/bin/gmake -f Makefile cmTC_ecbec/fast && /usr/bin/gmake  -f CMakeFiles/cmTC_ecbec.dir/build.make CMakeFiles/cmTC_ecbec.dir/build
gmake[1]: Entering directory '/home/szh/opencv-4.8.0/build/CMakeFiles/CMakeTmp'
Building CXX object CMakeFiles/cmTC_ecbec.dir/src.cxx.o
/usr/bin/c++   -O3 -DNDEBUG -fPIE    -fsigned-char -W -Wall -Wreturn-type -Wnon-virtual-dtor -Waddress -Wsequence-point -Wformat -Wformat-security -Wmissing-declarations  -Wmissing-prototypes -std=c++11 -o CMakeFiles/cmTC_ecbec.dir/src.cxx.o -c /home/szh/opencv-4.8.0/build/CMakeFiles/CMakeTmp/src.cxx
cc1plus: warning: command-line option ‘-Wmissing-prototypes’ is valid for C/ObjC but not for C++
/home/szh/opencv-4.8.0/build/CMakeFiles/CMakeTmp/src.cxx:1: warning: ignoring ‘#pragma  ’ [-Wunknown-pragmas]
    1 | #pragma
      | 
Linking CXX executable cmTC_ecbec
/usr/bin/cmake -E cmake_link_script CMakeFiles/cmTC_ecbec.dir/link.txt --verbose=1
/usr/bin/c++ -O3 -DNDEBUG CMakeFiles/cmTC_ecbec.dir/src.cxx.o -o cmTC_ecbec 
gmake[1]: Leaving directory '/home/szh/opencv-4.8.0/build/CMakeFiles/CMakeTmp'


===== END =====

Build output check failed:
    Regex: 'command[- ]line option .* is valid for .* but not for C\+\+'
    Output line: 'cc1plus: warning: command-line option ‘-Wstrict-prototypes’ is valid for C/ObjC but not for C++'
Compilation failed:
    source file: '/home/szh/opencv-4.8.0/build/CMakeFiles/CMakeTmp/src.cxx'
    check option: ' -fsigned-char -W -Wall -Wreturn-type -Wnon-virtual-dtor -Waddress -Wsequence-point -Wformat -Wformat-security -Wmissing-declarations  -Wstrict-prototypes'
===== BUILD LOG =====
Change Dir: /home/szh/opencv-4.8.0/build/CMakeFiles/CMakeTmp

Run Build Command(s):/usr/bin/gmake -f Makefile cmTC_56469/fast && /usr/bin/gmake  -f CMakeFiles/cmTC_56469.dir/build.make CMakeFiles/cmTC_56469.dir/build
gmake[1]: Entering directory '/home/szh/opencv-4.8.0/build/CMakeFiles/CMakeTmp'
Building CXX object CMakeFiles/cmTC_56469.dir/src.cxx.o
/usr/bin/c++   -O3 -DNDEBUG -fPIE    -fsigned-char -W -Wall -Wreturn-type -Wnon-virtual-dtor -Waddress -Wsequence-point -Wformat -Wformat-security -Wmissing-declarations  -Wstrict-prototypes -std=c++11 -o CMakeFiles/cmTC_56469.dir/src.cxx.o -c /home/szh/opencv-4.8.0/build/CMakeFiles/CMakeTmp/src.cxx
cc1plus: warning: command-line option ‘-Wstrict-prototypes’ is valid for C/ObjC but not for C++
/home/szh/opencv-4.8.0/build/CMakeFiles/CMakeTmp/src.cxx:1: warning: ignoring ‘#pragma  ’ [-Wunknown-pragmas]
    1 | #pragma
      | 
Linking CXX executable cmTC_56469
/usr/bin/cmake -E cmake_link_script CMakeFiles/cmTC_56469.dir/link.txt --verbose=1
/usr/bin/c++ -O3 -DNDEBUG CMakeFiles/cmTC_56469.dir/src.cxx.o -o cmTC_56469 
gmake[1]: Leaving directory '/home/szh/opencv-4.8.0/build/CMakeFiles/CMakeTmp'


===== END =====

Build output check failed:
    Regex: 'command[- ]line option .* is valid for .* but not for C'
    Output line: 'cc1: warning: command-line option ‘-Wsign-promo’ is valid for C++/ObjC++ but not for C'
Compilation failed:
    source file: '/home/szh/opencv-4.8.0/build/CMakeFiles/CMakeTmp/src.c'
    check option: ' -fsigned-char -W -Wall -Wreturn-type -Waddress -Wsequence-point -Wformat -Wformat-security -Wmissing-declarations -Wmissing-prototypes -Wstrict-prototypes -Wundef -Winit-self -Wpointer-arith -Wshadow  -Wsign-promo'
===== BUILD LOG =====
Change Dir: /home/szh/opencv-4.8.0/build/CMakeFiles/CMakeTmp

Run Build Command(s):/usr/bin/gmake -f Makefile cmTC_08fb6/fast && /usr/bin/gmake  -f CMakeFiles/cmTC_08fb6.dir/build.make CMakeFiles/cmTC_08fb6.dir/build
gmake[1]: Entering directory '/home/szh/opencv-4.8.0/build/CMakeFiles/CMakeTmp'
Building C object CMakeFiles/cmTC_08fb6.dir/src.c.o
/usr/bin/cc   -O3 -DNDEBUG -fPIE    -fsigned-char -W -Wall -Wreturn-type -Waddress -Wsequence-point -Wformat -Wformat-security -Wmissing-declarations -Wmissing-prototypes -Wstrict-prototypes -Wundef -Winit-self -Wpointer-arith -Wshadow  -Wsign-promo -o CMakeFiles/cmTC_08fb6.dir/src.c.o -c /home/szh/opencv-4.8.0/build/CMakeFiles/CMakeTmp/src.c
cc1: warning: command-line option ‘-Wsign-promo’ is valid for C++/ObjC++ but not for C
/home/szh/opencv-4.8.0/build/CMakeFiles/CMakeTmp/src.c:1: warning: ignoring ‘#pragma  ’ [-Wunknown-pragmas]
    1 | #pragma
      | 
Linking C executable cmTC_08fb6
/usr/bin/cmake -E cmake_link_script CMakeFiles/cmTC_08fb6.dir/link.txt --verbose=1
/usr/bin/cc -O3 -DNDEBUG CMakeFiles/cmTC_08fb6.dir/src.c.o -o cmTC_08fb6 
gmake[1]: Leaving directory '/home/szh/opencv-4.8.0/build/CMakeFiles/CMakeTmp'


===== END =====

Build output check failed:
    Regex: 'command[- ]line option .* is valid for .* but not for C'
    Output line: 'cc1: warning: command-line option ‘-Wsuggest-override’ is valid for C++/ObjC++ but not for C'
Compilation failed:
    source file: '/home/szh/opencv-4.8.0/build/CMakeFiles/CMakeTmp/src.c'
    check option: ' -fsigned-char -W -Wall -Wreturn-type -Waddress -Wsequence-point -Wformat -Wformat-security -Wmissing-declarations -Wmissing-prototypes -Wstrict-prototypes -Wundef -Winit-self -Wpointer-arith -Wshadow -Wuninitialized  -Wsuggest-override'
===== BUILD LOG =====
Change Dir: /home/szh/opencv-4.8.0/build/CMakeFiles/CMakeTmp

Run Build Command(s):/usr/bin/gmake -f Makefile cmTC_5d8c4/fast && /usr/bin/gmake  -f CMakeFiles/cmTC_5d8c4.dir/build.make CMakeFiles/cmTC_5d8c4.dir/build
gmake[1]: Entering directory '/home/szh/opencv-4.8.0/build/CMakeFiles/CMakeTmp'
Building C object CMakeFiles/cmTC_5d8c4.dir/src.c.o
/usr/bin/cc   -O3 -DNDEBUG -fPIE    -fsigned-char -W -Wall -Wreturn-type -Waddress -Wsequence-point -Wformat -Wformat-security -Wmissing-declarations -Wmissing-prototypes -Wstrict-prototypes -Wundef -Winit-self -Wpointer-arith -Wshadow -Wuninitialized  -Wsuggest-override -o CMakeFiles/cmTC_5d8c4.dir/src.c.o -c /home/szh/opencv-4.8.0/build/CMakeFiles/CMakeTmp/src.c
cc1: warning: command-line option ‘-Wsuggest-override’ is valid for C++/ObjC++ but not for C
/home/szh/opencv-4.8.0/build/CMakeFiles/CMakeTmp/src.c:1: warning: ignoring ‘#pragma  ’ [-Wunknown-pragmas]
    1 | #pragma
      | 
Linking C executable cmTC_5d8c4
/usr/bin/cmake -E cmake_link_script CMakeFiles/cmTC_5d8c4.dir/link.txt --verbose=1
/usr/bin/cc -O3 -DNDEBUG CMakeFiles/cmTC_5d8c4.dir/src.c.o -o cmTC_5d8c4 
gmake[1]: Leaving directory '/home/szh/opencv-4.8.0/build/CMakeFiles/CMakeTmp'


===== END =====

Build output check failed:
    Regex: 'command[- ]line option .* is valid for .* but not for C'
    Output line: 'cc1: warning: command-line option ‘-Wno-delete-non-virtual-dtor’ is valid for C++/ObjC++ but not for C'
Compilation failed:
    source file: '/home/szh/opencv-4.8.0/build/CMakeFiles/CMakeTmp/src.c'
    check option: ' -fsigned-char -W -Wall -Wreturn-type -Waddress -Wsequence-point -Wformat -Wformat-security -Wmissing-declarations -Wmissing-prototypes -Wstrict-prototypes -Wundef -Winit-self -Wpointer-arith -Wshadow -Wuninitialized  -Wno-delete-non-virtual-dtor'
===== BUILD LOG =====
Change Dir: /home/szh/opencv-4.8.0/build/CMakeFiles/CMakeTmp

Run Build Command(s):/usr/bin/gmake -f Makefile cmTC_97a00/fast && /usr/bin/gmake  -f CMakeFiles/cmTC_97a00.dir/build.make CMakeFiles/cmTC_97a00.dir/build
gmake[1]: Entering directory '/home/szh/opencv-4.8.0/build/CMakeFiles/CMakeTmp'
Building C object CMakeFiles/cmTC_97a00.dir/src.c.o
/usr/bin/cc   -O3 -DNDEBUG -fPIE    -fsigned-char -W -Wall -Wreturn-type -Waddress -Wsequence-point -Wformat -Wformat-security -Wmissing-declarations -Wmissing-prototypes -Wstrict-prototypes -Wundef -Winit-self -Wpointer-arith -Wshadow -Wuninitialized  -Wno-delete-non-virtual-dtor -o CMakeFiles/cmTC_97a00.dir/src.c.o -c /home/szh/opencv-4.8.0/build/CMakeFiles/CMakeTmp/src.c
cc1: warning: command-line option ‘-Wno-delete-non-virtual-dtor’ is valid for C++/ObjC++ but not for C
/home/szh/opencv-4.8.0/build/CMakeFiles/CMakeTmp/src.c:1: warning: ignoring ‘#pragma  ’ [-Wunknown-pragmas]
    1 | #pragma
      | 
Linking C executable cmTC_97a00
/usr/bin/cmake -E cmake_link_script CMakeFiles/cmTC_97a00.dir/link.txt --verbose=1
/usr/bin/cc -O3 -DNDEBUG CMakeFiles/cmTC_97a00.dir/src.c.o -o cmTC_97a00 
gmake[1]: Leaving directory '/home/szh/opencv-4.8.0/build/CMakeFiles/CMakeTmp'


===== END =====

Build output check failed:
    Regex: 'unrecognized .*option'
    Output line: 'cc1plus: note: unrecognized command-line option ‘-Wno-unnamed-type-template-args’ may have been intended to silence earlier diagnostics'
Compilation failed:
    source file: '/home/szh/opencv-4.8.0/build/CMakeFiles/CMakeTmp/src.cxx'
    check option: ' -fsigned-char -W -Wall -Wreturn-type -Wnon-virtual-dtor -Waddress -Wsequence-point -Wformat -Wformat-security -Wmissing-declarations -Wundef -Winit-self -Wpointer-arith -Wshadow -Wsign-promo -Wuninitialized -Wsuggest-override -Wno-delete-non-virtual-dtor  -Wno-unnamed-type-template-args'
===== BUILD LOG =====
Change Dir: /home/szh/opencv-4.8.0/build/CMakeFiles/CMakeTmp

Run Build Command(s):/usr/bin/gmake -f Makefile cmTC_1dabd/fast && /usr/bin/gmake  -f CMakeFiles/cmTC_1dabd.dir/build.make CMakeFiles/cmTC_1dabd.dir/build
gmake[1]: Entering directory '/home/szh/opencv-4.8.0/build/CMakeFiles/CMakeTmp'
Building CXX object CMakeFiles/cmTC_1dabd.dir/src.cxx.o
/usr/bin/c++   -O3 -DNDEBUG -fPIE    -fsigned-char -W -Wall -Wreturn-type -Wnon-virtual-dtor -Waddress -Wsequence-point -Wformat -Wformat-security -Wmissing-declarations -Wundef -Winit-self -Wpointer-arith -Wshadow -Wsign-promo -Wuninitialized -Wsuggest-override -Wno-delete-non-virtual-dtor  -Wno-unnamed-type-template-args -std=c++11 -o CMakeFiles/cmTC_1dabd.dir/src.cxx.o -c /home/szh/opencv-4.8.0/build/CMakeFiles/CMakeTmp/src.cxx
/home/szh/opencv-4.8.0/build/CMakeFiles/CMakeTmp/src.cxx:1: warning: ignoring ‘#pragma  ’ [-Wunknown-pragmas]
    1 | #pragma
      | 
cc1plus: note: unrecognized command-line option ‘-Wno-unnamed-type-template-args’ may have been intended to silence earlier diagnostics
Linking CXX executable cmTC_1dabd
/usr/bin/cmake -E cmake_link_script CMakeFiles/cmTC_1dabd.dir/link.txt --verbose=1
/usr/bin/c++ -O3 -DNDEBUG CMakeFiles/cmTC_1dabd.dir/src.cxx.o -o cmTC_1dabd 
gmake[1]: Leaving directory '/home/szh/opencv-4.8.0/build/CMakeFiles/CMakeTmp'


===== END =====

Build output check failed:
    Regex: 'unrecognized .*option'
    Output line: 'cc1: note: unrecognized command-line option ‘-Wno-unnamed-type-template-args’ may have been intended to silence earlier diagnostics'
Compilation failed:
    source file: '/home/szh/opencv-4.8.0/build/CMakeFiles/CMakeTmp/src.c'
    check option: ' -fsigned-char -W -Wall -Wreturn-type -Waddress -Wsequence-point -Wformat -Wformat-security -Wmissing-declarations -Wmissing-prototypes -Wstrict-prototypes -Wundef -Winit-self -Wpointer-arith -Wshadow -Wuninitialized  -Wno-unnamed-type-template-args'
===== BUILD LOG =====
Change Dir: /home/szh/opencv-4.8.0/build/CMakeFiles/CMakeTmp

Run Build Command(s):/usr/bin/gmake -f Makefile cmTC_4fa9c/fast && /usr/bin/gmake  -f CMakeFiles/cmTC_4fa9c.dir/build.make CMakeFiles/cmTC_4fa9c.dir/build
gmake[1]: Entering directory '/home/szh/opencv-4.8.0/build/CMakeFiles/CMakeTmp'
Building C object CMakeFiles/cmTC_4fa9c.dir/src.c.o
/usr/bin/cc   -O3 -DNDEBUG -fPIE    -fsigned-char -W -Wall -Wreturn-type -Waddress -Wsequence-point -Wformat -Wformat-security -Wmissing-declarations -Wmissing-prototypes -Wstrict-prototypes -Wundef -Winit-self -Wpointer-arith -Wshadow -Wuninitialized  -Wno-unnamed-type-template-args -o CMakeFiles/cmTC_4fa9c.dir/src.c.o -c /home/szh/opencv-4.8.0/build/CMakeFiles/CMakeTmp/src.c
/home/szh/opencv-4.8.0/build/CMakeFiles/CMakeTmp/src.c:1: warning: ignoring ‘#pragma  ’ [-Wunknown-pragmas]
    1 | #pragma
      | 
cc1: note: unrecognized command-line option ‘-Wno-unnamed-type-template-args’ may have been intended to silence earlier diagnostics
Linking C executable cmTC_4fa9c
/usr/bin/cmake -E cmake_link_script CMakeFiles/cmTC_4fa9c.dir/link.txt --verbose=1
/usr/bin/cc -O3 -DNDEBUG CMakeFiles/cmTC_4fa9c.dir/src.c.o -o cmTC_4fa9c 
gmake[1]: Leaving directory '/home/szh/opencv-4.8.0/build/CMakeFiles/CMakeTmp'


===== END =====

Build output check failed:
    Regex: 'command[- ]line option .* is valid for .* but not for C'
    Output line: 'cc1: warning: command-line option ‘-fvisibility-inlines-hidden’ is valid for C++/ObjC++ but not for C'
Compilation failed:
    source file: '/home/szh/opencv-4.8.0/build/CMakeFiles/CMakeTmp/src.c'
    check option: ' -fsigned-char -W -Wall -Wreturn-type -Waddress -Wsequence-point -Wformat -Wformat-security -Wmissing-declarations -Wmissing-prototypes -Wstrict-prototypes -Wundef -Winit-self -Wpointer-arith -Wshadow -Wuninitialized -Wno-comment -Wimplicit-fallthrough=3 -Wno-strict-overflow -fdiagnostics-show-option -pthread -fomit-frame-pointer -ffunction-sections -fdata-sections   -fvisibility=hidden  -fvisibility-inlines-hidden'
===== BUILD LOG =====
Change Dir: /home/szh/opencv-4.8.0/build/CMakeFiles/CMakeTmp

Run Build Command(s):/usr/bin/gmake -f Makefile cmTC_51294/fast && /usr/bin/gmake  -f CMakeFiles/cmTC_51294.dir/build.make CMakeFiles/cmTC_51294.dir/build
gmake[1]: Entering directory '/home/szh/opencv-4.8.0/build/CMakeFiles/CMakeTmp'
Building C object CMakeFiles/cmTC_51294.dir/src.c.o
/usr/bin/cc   -O3 -DNDEBUG -fPIE    -fsigned-char -W -Wall -Wreturn-type -Waddress -Wsequence-point -Wformat -Wformat-security -Wmissing-declarations -Wmissing-prototypes -Wstrict-prototypes -Wundef -Winit-self -Wpointer-arith -Wshadow -Wuninitialized -Wno-comment -Wimplicit-fallthrough=3 -Wno-strict-overflow -fdiagnostics-show-option -pthread -fomit-frame-pointer -ffunction-sections -fdata-sections   -fvisibility=hidden  -fvisibility-inlines-hidden -o CMakeFiles/cmTC_51294.dir/src.c.o -c /home/szh/opencv-4.8.0/build/CMakeFiles/CMakeTmp/src.c
cc1: warning: command-line option ‘-fvisibility-inlines-hidden’ is valid for C++/ObjC++ but not for C
/home/szh/opencv-4.8.0/build/CMakeFiles/CMakeTmp/src.c:1: warning: ignoring ‘#pragma  ’ [-Wunknown-pragmas]
    1 | #pragma
      | 
Linking C executable cmTC_51294
/usr/bin/cmake -E cmake_link_script CMakeFiles/cmTC_51294.dir/link.txt --verbose=1
/usr/bin/cc -O3 -DNDEBUG CMakeFiles/cmTC_51294.dir/src.c.o -o cmTC_51294 
gmake[1]: Leaving directory '/home/szh/opencv-4.8.0/build/CMakeFiles/CMakeTmp'


===== END =====

Build output check failed:
    Regex: 'unrecognized .*option'
    Output line: 'cc1: note: unrecognized command-line option ‘-Wno-shorten-64-to-32’ may have been intended to silence earlier diagnostics'
Compilation failed:
    source file: '/home/szh/opencv-4.8.0/build/CMakeFiles/CMakeTmp/src.c'
    check option: ' -Wno-shorten-64-to-32'
===== BUILD LOG =====
Change Dir: /home/szh/opencv-4.8.0/build/CMakeFiles/CMakeTmp

Run Build Command(s):/usr/bin/gmake -f Makefile cmTC_b0d33/fast && /usr/bin/gmake  -f CMakeFiles/cmTC_b0d33.dir/build.make CMakeFiles/cmTC_b0d33.dir/build
gmake[1]: Entering directory '/home/szh/opencv-4.8.0/build/CMakeFiles/CMakeTmp'
Building C object CMakeFiles/cmTC_b0d33.dir/src.c.o
/usr/bin/cc   -fsigned-char -W -Wall -Wreturn-type -Waddress -Wsequence-point -Wformat -Wformat-security -Wmissing-declarations -Wmissing-prototypes -Wstrict-prototypes -Wundef -Winit-self -Wpointer-arith -Wshadow -Wuninitialized -Wno-comment -Wimplicit-fallthrough=3 -Wno-strict-overflow -fdiagnostics-show-option -pthread -fomit-frame-pointer -ffunction-sections -fdata-sections   -fvisibility=hidden -Wno-unused-parameter -Wno-sign-compare  -O3 -DNDEBUG  -DNDEBUG -fPIE    -Wno-shorten-64-to-32 -o CMakeFiles/cmTC_b0d33.dir/src.c.o -c /home/szh/opencv-4.8.0/build/CMakeFiles/CMakeTmp/src.c
/home/szh/opencv-4.8.0/build/CMakeFiles/CMakeTmp/src.c:1: warning: ignoring ‘#pragma  ’ [-Wunknown-pragmas]
    1 | #pragma
      | 
cc1: note: unrecognized command-line option ‘-Wno-shorten-64-to-32’ may have been intended to silence earlier diagnostics
Linking C executable cmTC_b0d33
/usr/bin/cmake -E cmake_link_script CMakeFiles/cmTC_b0d33.dir/link.txt --verbose=1
/usr/bin/cc    -fsigned-char -W -Wall -Wreturn-type -Waddress -Wsequence-point -Wformat -Wformat-security -Wmissing-declarations -Wmissing-prototypes -Wstrict-prototypes -Wundef -Winit-self -Wpointer-arith -Wshadow -Wuninitialized -Wno-comment -Wimplicit-fallthrough=3 -Wno-strict-overflow -fdiagnostics-show-option -pthread -fomit-frame-pointer -ffunction-sections -fdata-sections   -fvisibility=hidden -Wno-unused-parameter -Wno-sign-compare  -O3 -DNDEBUG  -DNDEBUG   -Wl,--gc-sections -Wl,--as-needed -Wl,--no-undefined  CMakeFiles/cmTC_b0d33.dir/src.c.o -o cmTC_b0d33 
gmake[1]: Leaving directory '/home/szh/opencv-4.8.0/build/CMakeFiles/CMakeTmp'


===== END =====

Determining if the include file io.h exists failed with the following output:
Change Dir: /home/szh/opencv-4.8.0/build/CMakeFiles/CMakeScratch/TryCompile-PDdcVB

Run Build Command(s):/usr/bin/gmake -f Makefile cmTC_8941d/fast && /usr/bin/gmake  -f CMakeFiles/cmTC_8941d.dir/build.make CMakeFiles/cmTC_8941d.dir/build
gmake[1]: Entering directory '/home/szh/opencv-4.8.0/build/CMakeFiles/CMakeScratch/TryCompile-PDdcVB'
Building C object CMakeFiles/cmTC_8941d.dir/CheckIncludeFile.c.o
/usr/bin/cc   -fsigned-char -W -Wall -Wreturn-type -Waddress -Wsequence-point -Wformat -Wformat-security -Wmissing-declarations -Wmissing-prototypes -Wstrict-prototypes -Wundef -Winit-self -Wpointer-arith -Wshadow -Wuninitialized -Wno-comment -Wimplicit-fallthrough=3 -Wno-strict-overflow -fdiagnostics-show-option -pthread -fomit-frame-pointer -ffunction-sections -fdata-sections   -fvisibility=hidden  -O3 -DNDEBUG  -DNDEBUG -fPIE -o CMakeFiles/cmTC_8941d.dir/CheckIncludeFile.c.o -c /home/szh/opencv-4.8.0/build/CMakeFiles/CMakeScratch/TryCompile-PDdcVB/CheckIncludeFile.c
/home/szh/opencv-4.8.0/build/CMakeFiles/CMakeScratch/TryCompile-PDdcVB/CheckIncludeFile.c:1:10: fatal error: io.h: No such file or directory
    1 | #include <io.h>
      |          ^~~~~~
compilation terminated.
gmake[1]: *** [CMakeFiles/cmTC_8941d.dir/build.make:78: CMakeFiles/cmTC_8941d.dir/CheckIncludeFile.c.o] Error 1
gmake[1]: Leaving directory '/home/szh/opencv-4.8.0/build/CMakeFiles/CMakeScratch/TryCompile-PDdcVB'
gmake: *** [Makefile:127: cmTC_8941d/fast] Error 2



Determining size of INT8 failed with the following output:
Change Dir: /home/szh/opencv-4.8.0/build/CMakeFiles/CMakeScratch/TryCompile-kdfOZB

Run Build Command(s):/usr/bin/gmake -f Makefile cmTC_51a61/fast && /usr/bin/gmake  -f CMakeFiles/cmTC_51a61.dir/build.make CMakeFiles/cmTC_51a61.dir/build
gmake[1]: Entering directory '/home/szh/opencv-4.8.0/build/CMakeFiles/CMakeScratch/TryCompile-kdfOZB'
Building C object CMakeFiles/cmTC_51a61.dir/int8.c.o
/usr/bin/cc   -fsigned-char -W -Wall -Wreturn-type -Waddress -Wsequence-point -Wformat -Wformat-security -Wmissing-declarations -Wmissing-prototypes -Wstrict-prototypes -Wundef -Winit-self -Wpointer-arith -Wshadow -Wuninitialized -Wno-comment -Wimplicit-fallthrough=3 -Wno-strict-overflow -fdiagnostics-show-option -pthread -fomit-frame-pointer -ffunction-sections -fdata-sections   -fvisibility=hidden  -O3 -DNDEBUG  -DNDEBUG -fPIE -o CMakeFiles/cmTC_51a61.dir/int8.c.o -c /home/szh/opencv-4.8.0/build/CMakeFiles/CMakeScratch/TryCompile-kdfOZB/int8.c
/home/szh/opencv-4.8.0/build/CMakeFiles/CMakeScratch/TryCompile-kdfOZB/int8.c:27:22: error: ‘INT8’ undeclared here (not in a function); did you mean ‘INT8_C’?
   27 | #define SIZE (sizeof(INT8))
      |                      ^~~~
/home/szh/opencv-4.8.0/build/CMakeFiles/CMakeScratch/TryCompile-kdfOZB/int8.c:29:12: note: in expansion of macro ‘SIZE’
   29 |   ('0' + ((SIZE / 10000)%10)),
      |            ^~~~
gmake[1]: *** [CMakeFiles/cmTC_51a61.dir/build.make:78: CMakeFiles/cmTC_51a61.dir/int8.c.o] Error 1
gmake[1]: Leaving directory '/home/szh/opencv-4.8.0/build/CMakeFiles/CMakeScratch/TryCompile-kdfOZB'
gmake: *** [Makefile:127: cmTC_51a61/fast] Error 2


int8.c:
#include <sys/types.h>
#include <stdint.h>
#include <stddef.h>


#undef KEY
#if defined(__i386)
# define KEY '_','_','i','3','8','6'
#elif defined(__x86_64)
# define KEY '_','_','x','8','6','_','6','4'
#elif defined(__PPC64__)
# define KEY '_','_','P','P','C','6','4','_','_'
#elif defined(__ppc64__)
# define KEY '_','_','p','p','c','6','4','_','_'
#elif defined(__PPC__)
# define KEY '_','_','P','P','C','_','_'
#elif defined(__ppc__)
# define KEY '_','_','p','p','c','_','_'
#elif defined(__aarch64__)
# define KEY '_','_','a','a','r','c','h','6','4','_','_'
#elif defined(__ARM_ARCH_7A__)
# define KEY '_','_','A','R','M','_','A','R','C','H','_','7','A','_','_'
#elif defined(__ARM_ARCH_7S__)
# define KEY '_','_','A','R','M','_','A','R','C','H','_','7','S','_','_'
#endif

#define SIZE (sizeof(INT8))
static char info_size[] =  {'I', 'N', 'F', 'O', ':', 's','i','z','e','[',
  ('0' + ((SIZE / 10000)%10)),
  ('0' + ((SIZE / 1000)%10)),
  ('0' + ((SIZE / 100)%10)),
  ('0' + ((SIZE / 10)%10)),
  ('0' +  (SIZE    % 10)),
  ']',
#ifdef KEY
  ' ','k','e','y','[', KEY, ']',
#endif
  '\0'};

#ifdef __CLASSIC_C__
int main(argc, argv) int argc; char *argv[];
#else
int main(int argc, char *argv[])
#endif
{
  int require = 0;
  require += info_size[argc];
  (void)argv;
  return require;
}


Determining size of INT16 failed with the following output:
Change Dir: /home/szh/opencv-4.8.0/build/CMakeFiles/CMakeScratch/TryCompile-aj8GiG

Run Build Command(s):/usr/bin/gmake -f Makefile cmTC_d826b/fast && /usr/bin/gmake  -f CMakeFiles/cmTC_d826b.dir/build.make CMakeFiles/cmTC_d826b.dir/build
gmake[1]: Entering directory '/home/szh/opencv-4.8.0/build/CMakeFiles/CMakeScratch/TryCompile-aj8GiG'
Building C object CMakeFiles/cmTC_d826b.dir/int16.c.o
/usr/bin/cc   -fsigned-char -W -Wall -Wreturn-type -Waddress -Wsequence-point -Wformat -Wformat-security -Wmissing-declarations -Wmissing-prototypes -Wstrict-prototypes -Wundef -Winit-self -Wpointer-arith -Wshadow -Wuninitialized -Wno-comment -Wimplicit-fallthrough=3 -Wno-strict-overflow -fdiagnostics-show-option -pthread -fomit-frame-pointer -ffunction-sections -fdata-sections   -fvisibility=hidden  -O3 -DNDEBUG  -DNDEBUG -fPIE -o CMakeFiles/cmTC_d826b.dir/int16.c.o -c /home/szh/opencv-4.8.0/build/CMakeFiles/CMakeScratch/TryCompile-aj8GiG/int16.c
/home/szh/opencv-4.8.0/build/CMakeFiles/CMakeScratch/TryCompile-aj8GiG/int16.c:27:22: error: ‘INT16’ undeclared here (not in a function); did you mean ‘INT16_C’?
   27 | #define SIZE (sizeof(INT16))
      |                      ^~~~~
/home/szh/opencv-4.8.0/build/CMakeFiles/CMakeScratch/TryCompile-aj8GiG/int16.c:29:12: note: in expansion of macro ‘SIZE’
   29 |   ('0' + ((SIZE / 10000)%10)),
      |            ^~~~
gmake[1]: *** [CMakeFiles/cmTC_d826b.dir/build.make:78: CMakeFiles/cmTC_d826b.dir/int16.c.o] Error 1
gmake[1]: Leaving directory '/home/szh/opencv-4.8.0/build/CMakeFiles/CMakeScratch/TryCompile-aj8GiG'
gmake: *** [Makefile:127: cmTC_d826b/fast] Error 2


int16.c:
#include <sys/types.h>
#include <stdint.h>
#include <stddef.h>


#undef KEY
#if defined(__i386)
# define KEY '_','_','i','3','8','6'
#elif defined(__x86_64)
# define KEY '_','_','x','8','6','_','6','4'
#elif defined(__PPC64__)
# define KEY '_','_','P','P','C','6','4','_','_'
#elif defined(__ppc64__)
# define KEY '_','_','p','p','c','6','4','_','_'
#elif defined(__PPC__)
# define KEY '_','_','P','P','C','_','_'
#elif defined(__ppc__)
# define KEY '_','_','p','p','c','_','_'
#elif defined(__aarch64__)
# define KEY '_','_','a','a','r','c','h','6','4','_','_'
#elif defined(__ARM_ARCH_7A__)
# define KEY '_','_','A','R','M','_','A','R','C','H','_','7','A','_','_'
#elif defined(__ARM_ARCH_7S__)
# define KEY '_','_','A','R','M','_','A','R','C','H','_','7','S','_','_'
#endif

#define SIZE (sizeof(INT16))
static char info_size[] =  {'I', 'N', 'F', 'O', ':', 's','i','z','e','[',
  ('0' + ((SIZE / 10000)%10)),
  ('0' + ((SIZE / 1000)%10)),
  ('0' + ((SIZE / 100)%10)),
  ('0' + ((SIZE / 10)%10)),
  ('0' +  (SIZE    % 10)),
  ']',
#ifdef KEY
  ' ','k','e','y','[', KEY, ']',
#endif
  '\0'};

#ifdef __CLASSIC_C__
int main(argc, argv) int argc; char *argv[];
#else
int main(int argc, char *argv[])
#endif
{
  int require = 0;
  require += info_size[argc];
  (void)argv;
  return require;
}


Determining size of INT32 failed with the following output:
Change Dir: /home/szh/opencv-4.8.0/build/CMakeFiles/CMakeScratch/TryCompile-R3x5W7

Run Build Command(s):/usr/bin/gmake -f Makefile cmTC_cc1db/fast && /usr/bin/gmake  -f CMakeFiles/cmTC_cc1db.dir/build.make CMakeFiles/cmTC_cc1db.dir/build
gmake[1]: Entering directory '/home/szh/opencv-4.8.0/build/CMakeFiles/CMakeScratch/TryCompile-R3x5W7'
Building C object CMakeFiles/cmTC_cc1db.dir/int32.c.o
/usr/bin/cc   -fsigned-char -W -Wall -Wreturn-type -Waddress -Wsequence-point -Wformat -Wformat-security -Wmissing-declarations -Wmissing-prototypes -Wstrict-prototypes -Wundef -Winit-self -Wpointer-arith -Wshadow -Wuninitialized -Wno-comment -Wimplicit-fallthrough=3 -Wno-strict-overflow -fdiagnostics-show-option -pthread -fomit-frame-pointer -ffunction-sections -fdata-sections   -fvisibility=hidden  -O3 -DNDEBUG  -DNDEBUG -fPIE -o CMakeFiles/cmTC_cc1db.dir/int32.c.o -c /home/szh/opencv-4.8.0/build/CMakeFiles/CMakeScratch/TryCompile-R3x5W7/int32.c
/home/szh/opencv-4.8.0/build/CMakeFiles/CMakeScratch/TryCompile-R3x5W7/int32.c:27:22: error: ‘INT32’ undeclared here (not in a function); did you mean ‘INT32_C’?
   27 | #define SIZE (sizeof(INT32))
      |                      ^~~~~
/home/szh/opencv-4.8.0/build/CMakeFiles/CMakeScratch/TryCompile-R3x5W7/int32.c:29:12: note: in expansion of macro ‘SIZE’
   29 |   ('0' + ((SIZE / 10000)%10)),
      |            ^~~~
gmake[1]: *** [CMakeFiles/cmTC_cc1db.dir/build.make:78: CMakeFiles/cmTC_cc1db.dir/int32.c.o] Error 1
gmake[1]: Leaving directory '/home/szh/opencv-4.8.0/build/CMakeFiles/CMakeScratch/TryCompile-R3x5W7'
gmake: *** [Makefile:127: cmTC_cc1db/fast] Error 2


int32.c:
#include <sys/types.h>
#include <stdint.h>
#include <stddef.h>


#undef KEY
#if defined(__i386)
# define KEY '_','_','i','3','8','6'
#elif defined(__x86_64)
# define KEY '_','_','x','8','6','_','6','4'
#elif defined(__PPC64__)
# define KEY '_','_','P','P','C','6','4','_','_'
#elif defined(__ppc64__)
# define KEY '_','_','p','p','c','6','4','_','_'
#elif defined(__PPC__)
# define KEY '_','_','P','P','C','_','_'
#elif defined(__ppc__)
# define KEY '_','_','p','p','c','_','_'
#elif defined(__aarch64__)
# define KEY '_','_','a','a','r','c','h','6','4','_','_'
#elif defined(__ARM_ARCH_7A__)
# define KEY '_','_','A','R','M','_','A','R','C','H','_','7','A','_','_'
#elif defined(__ARM_ARCH_7S__)
# define KEY '_','_','A','R','M','_','A','R','C','H','_','7','S','_','_'
#endif

#define SIZE (sizeof(INT32))
static char info_size[] =  {'I', 'N', 'F', 'O', ':', 's','i','z','e','[',
  ('0' + ((SIZE / 10000)%10)),
  ('0' + ((SIZE / 1000)%10)),
  ('0' + ((SIZE / 100)%10)),
  ('0' + ((SIZE / 10)%10)),
  ('0' +  (SIZE    % 10)),
  ']',
#ifdef KEY
  ' ','k','e','y','[', KEY, ']',
#endif
  '\0'};

#ifdef __CLASSIC_C__
int main(argc, argv) int argc; char *argv[];
#else
int main(int argc, char *argv[])
#endif
{
  int require = 0;
  require += info_size[argc];
  (void)argv;
  return require;
}


Determining if the function setmode exists failed with the following output:
Change Dir: /home/szh/opencv-4.8.0/build/CMakeFiles/CMakeScratch/TryCompile-Ms7NZj

Run Build Command(s):/usr/bin/gmake -f Makefile cmTC_682d6/fast && /usr/bin/gmake  -f CMakeFiles/cmTC_682d6.dir/build.make CMakeFiles/cmTC_682d6.dir/build
gmake[1]: Entering directory '/home/szh/opencv-4.8.0/build/CMakeFiles/CMakeScratch/TryCompile-Ms7NZj'
Building C object CMakeFiles/cmTC_682d6.dir/CheckFunctionExists.c.o
/usr/bin/cc   -fsigned-char -W -Wall -Wreturn-type -Waddress -Wsequence-point -Wformat -Wformat-security -Wmissing-declarations -Wmissing-prototypes -Wstrict-prototypes -Wundef -Winit-self -Wpointer-arith -Wshadow -Wuninitialized -Wno-comment -Wimplicit-fallthrough=3 -Wno-strict-overflow -fdiagnostics-show-option -pthread -fomit-frame-pointer -ffunction-sections -fdata-sections   -fvisibility=hidden -DCHECK_FUNCTION_EXISTS=setmode -O3 -DNDEBUG  -DNDEBUG -fPIE -o CMakeFiles/cmTC_682d6.dir/CheckFunctionExists.c.o -c /home/szh/opencv-4.8.0/build/CMakeFiles/CMakeScratch/TryCompile-Ms7NZj/CheckFunctionExists.c
Linking C executable cmTC_682d6
/usr/bin/cmake -E cmake_link_script CMakeFiles/cmTC_682d6.dir/link.txt --verbose=1
/usr/bin/cc    -fsigned-char -W -Wall -Wreturn-type -Waddress -Wsequence-point -Wformat -Wformat-security -Wmissing-declarations -Wmissing-prototypes -Wstrict-prototypes -Wundef -Winit-self -Wpointer-arith -Wshadow -Wuninitialized -Wno-comment -Wimplicit-fallthrough=3 -Wno-strict-overflow -fdiagnostics-show-option -pthread -fomit-frame-pointer -ffunction-sections -fdata-sections   -fvisibility=hidden -DCHECK_FUNCTION_EXISTS=setmode -O3 -DNDEBUG  -DNDEBUG   -Wl,--gc-sections -Wl,--as-needed -Wl,--no-undefined  CMakeFiles/cmTC_682d6.dir/CheckFunctionExists.c.o -o cmTC_682d6 
/usr/bin/ld: CMakeFiles/cmTC_682d6.dir/CheckFunctionExists.c.o: in function `main':
CheckFunctionExists.c:(.text.startup.main+0x10): undefined reference to `setmode'
collect2: error: ld returned 1 exit status
gmake[1]: *** [CMakeFiles/cmTC_682d6.dir/build.make:99: cmTC_682d6] Error 1
gmake[1]: Leaving directory '/home/szh/opencv-4.8.0/build/CMakeFiles/CMakeScratch/TryCompile-Ms7NZj'
gmake: *** [Makefile:127: cmTC_682d6/fast] Error 2



Build output check failed:
    Regex: 'command[- ]line option .* is valid for .* but not for C\+\+'
    Output line: 'cc1plus: warning: command-line option ‘-Wno-missing-prototypes’ is valid for C/ObjC but not for C++'
Compilation failed:
    source file: '/home/szh/opencv-4.8.0/build/CMakeFiles/CMakeTmp/src.cxx'
    check option: ' -Wno-missing-prototypes'
===== BUILD LOG =====
Change Dir: /home/szh/opencv-4.8.0/build/CMakeFiles/CMakeTmp

Run Build Command(s):/usr/bin/gmake -f Makefile cmTC_71084/fast && /usr/bin/gmake  -f CMakeFiles/cmTC_71084.dir/build.make CMakeFiles/cmTC_71084.dir/build
gmake[1]: Entering directory '/home/szh/opencv-4.8.0/build/CMakeFiles/CMakeTmp'
Building CXX object CMakeFiles/cmTC_71084.dir/src.cxx.o
/usr/bin/c++   -fsigned-char -W -Wall -Wreturn-type -Wnon-virtual-dtor -Waddress -Wsequence-point -Wformat -Wformat-security -Wundef -Winit-self -Wpointer-arith -Wshadow -Wsign-promo -Wuninitialized -Wsuggest-override -Wno-delete-non-virtual-dtor -Wno-comment -Wimplicit-fallthrough=3 -Wno-strict-overflow -fdiagnostics-show-option -pthread -fomit-frame-pointer -ffunction-sections -fdata-sections   -fvisibility=hidden -fvisibility-inlines-hidden -Wno-missing-declarations -Wno-unused-parameter  -O3 -DNDEBUG  -DNDEBUG -fPIE    -Wno-missing-prototypes -std=c++11 -o CMakeFiles/cmTC_71084.dir/src.cxx.o -c /home/szh/opencv-4.8.0/build/CMakeFiles/CMakeTmp/src.cxx
cc1plus: warning: command-line option ‘-Wno-missing-prototypes’ is valid for C/ObjC but not for C++
/home/szh/opencv-4.8.0/build/CMakeFiles/CMakeTmp/src.cxx:1: warning: ignoring ‘#pragma  ’ [-Wunknown-pragmas]
    1 | #pragma
      | 
Linking CXX executable cmTC_71084
/usr/bin/cmake -E cmake_link_script CMakeFiles/cmTC_71084.dir/link.txt --verbose=1
/usr/bin/c++    -fsigned-char -W -Wall -Wreturn-type -Wnon-virtual-dtor -Waddress -Wsequence-point -Wformat -Wformat-security -Wundef -Winit-self -Wpointer-arith -Wshadow -Wsign-promo -Wuninitialized -Wsuggest-override -Wno-delete-non-virtual-dtor -Wno-comment -Wimplicit-fallthrough=3 -Wno-strict-overflow -fdiagnostics-show-option -pthread -fomit-frame-pointer -ffunction-sections -fdata-sections   -fvisibility=hidden -fvisibility-inlines-hidden -Wno-missing-declarations -Wno-unused-parameter  -O3 -DNDEBUG  -DNDEBUG   -Wl,--gc-sections -Wl,--as-needed -Wl,--no-undefined  CMakeFiles/cmTC_71084.dir/src.cxx.o -o cmTC_71084 
gmake[1]: Leaving directory '/home/szh/opencv-4.8.0/build/CMakeFiles/CMakeTmp'


===== END =====

Build output check failed:
    Regex: 'unrecognized .*option'
    Output line: 'cc1: note: unrecognized command-line option ‘-Wno-implicit-const-int-float-conversion’ may have been intended to silence earlier diagnostics'
Compilation failed:
    source file: '/home/szh/opencv-4.8.0/build/CMakeFiles/CMakeTmp/src.c'
    check option: ' -Wno-implicit-const-int-float-conversion'
===== BUILD LOG =====
Change Dir: /home/szh/opencv-4.8.0/build/CMakeFiles/CMakeTmp

Run Build Command(s):/usr/bin/gmake -f Makefile cmTC_c2dcf/fast && /usr/bin/gmake  -f CMakeFiles/cmTC_c2dcf.dir/build.make CMakeFiles/cmTC_c2dcf.dir/build
gmake[1]: Entering directory '/home/szh/opencv-4.8.0/build/CMakeFiles/CMakeTmp'
Building C object CMakeFiles/cmTC_c2dcf.dir/src.c.o
/usr/bin/cc   -fsigned-char -W -Wall -Wreturn-type -Waddress -Wsequence-point -Wformat -Wformat-security -Wmissing-declarations -Wmissing-prototypes -Wstrict-prototypes -Wundef -Winit-self -Wpointer-arith -Wshadow -Wuninitialized -Wno-comment -Wimplicit-fallthrough=3 -Wno-strict-overflow -fdiagnostics-show-option -pthread -fomit-frame-pointer -ffunction-sections -fdata-sections   -fvisibility=hidden  -O3 -DNDEBUG  -DNDEBUG -fPIE    -Wno-implicit-const-int-float-conversion -o CMakeFiles/cmTC_c2dcf.dir/src.c.o -c /home/szh/opencv-4.8.0/build/CMakeFiles/CMakeTmp/src.c
/home/szh/opencv-4.8.0/build/CMakeFiles/CMakeTmp/src.c:1: warning: ignoring ‘#pragma  ’ [-Wunknown-pragmas]
    1 | #pragma
      | 
cc1: note: unrecognized command-line option ‘-Wno-implicit-const-int-float-conversion’ may have been intended to silence earlier diagnostics
Linking C executable cmTC_c2dcf
/usr/bin/cmake -E cmake_link_script CMakeFiles/cmTC_c2dcf.dir/link.txt --verbose=1
/usr/bin/cc    -fsigned-char -W -Wall -Wreturn-type -Waddress -Wsequence-point -Wformat -Wformat-security -Wmissing-declarations -Wmissing-prototypes -Wstrict-prototypes -Wundef -Winit-self -Wpointer-arith -Wshadow -Wuninitialized -Wno-comment -Wimplicit-fallthrough=3 -Wno-strict-overflow -fdiagnostics-show-option -pthread -fomit-frame-pointer -ffunction-sections -fdata-sections   -fvisibility=hidden  -O3 -DNDEBUG  -DNDEBUG   -Wl,--gc-sections -Wl,--as-needed -Wl,--no-undefined  CMakeFiles/cmTC_c2dcf.dir/src.c.o -o cmTC_c2dcf 
gmake[1]: Leaving directory '/home/szh/opencv-4.8.0/build/CMakeFiles/CMakeTmp'


===== END =====

Determining if the _aligned_malloc exist failed with the following output:
Change Dir: /home/szh/opencv-4.8.0/build/CMakeFiles/CMakeScratch/TryCompile-OT1RRi

Run Build Command(s):/usr/bin/gmake -f Makefile cmTC_0d127/fast && /usr/bin/gmake  -f CMakeFiles/cmTC_0d127.dir/build.make CMakeFiles/cmTC_0d127.dir/build
gmake[1]: Entering directory '/home/szh/opencv-4.8.0/build/CMakeFiles/CMakeScratch/TryCompile-OT1RRi'
Building C object CMakeFiles/cmTC_0d127.dir/CheckSymbolExists.c.o
/usr/bin/cc   -fsigned-char -W -Wall -Wreturn-type -Waddress -Wsequence-point -Wformat -Wformat-security -Wstrict-prototypes -Wundef -Winit-self -Wpointer-arith -Wshadow -Wuninitialized -Wno-comment -Wimplicit-fallthrough=3 -Wno-strict-overflow -fdiagnostics-show-option -pthread -fomit-frame-pointer -ffunction-sections -fdata-sections   -fvisibility=hidden -Wno-unused-but-set-variable -Wno-missing-prototypes -Wno-missing-declarations  -O3 -DNDEBUG  -DNDEBUG -fPIE -o CMakeFiles/cmTC_0d127.dir/CheckSymbolExists.c.o -c /home/szh/opencv-4.8.0/build/CMakeFiles/CMakeScratch/TryCompile-OT1RRi/CheckSymbolExists.c
/home/szh/opencv-4.8.0/build/CMakeFiles/CMakeScratch/TryCompile-OT1RRi/CheckSymbolExists.c: In function ‘main’:
/home/szh/opencv-4.8.0/build/CMakeFiles/CMakeScratch/TryCompile-OT1RRi/CheckSymbolExists.c:8:19: error: ‘_aligned_malloc’ undeclared (first use in this function)
    8 |   return ((int*)(&_aligned_malloc))[argc];
      |                   ^~~~~~~~~~~~~~~
/home/szh/opencv-4.8.0/build/CMakeFiles/CMakeScratch/TryCompile-OT1RRi/CheckSymbolExists.c:8:19: note: each undeclared identifier is reported only once for each function it appears in
/home/szh/opencv-4.8.0/build/CMakeFiles/CMakeScratch/TryCompile-OT1RRi/CheckSymbolExists.c:4:14: warning: parameter ‘argc’ set but not used [-Wunused-but-set-parameter]
    4 | int main(int argc, char** argv)
      |          ~~~~^~~~
gmake[1]: *** [CMakeFiles/cmTC_0d127.dir/build.make:78: CMakeFiles/cmTC_0d127.dir/CheckSymbolExists.c.o] Error 1
gmake[1]: Leaving directory '/home/szh/opencv-4.8.0/build/CMakeFiles/CMakeScratch/TryCompile-OT1RRi'
gmake: *** [Makefile:127: cmTC_0d127/fast] Error 2


File CheckSymbolExists.c:
/* */
#include <malloc.h>

int main(int argc, char** argv)
{
  (void)argv;
#ifndef _aligned_malloc
  return ((int*)(&_aligned_malloc))[argc];
#else
  (void)argc;
  return 0;
#endif
}
Build output check failed:
    Regex: 'unrecognized .*option'
    Output line: 'cc1: note: unrecognized command-line option ‘-Wno-null-pointer-subtraction’ may have been intended to silence earlier diagnostics'
Compilation failed:
    source file: '/home/szh/opencv-4.8.0/build/CMakeFiles/CMakeTmp/src.c'
    check option: ' -Wno-null-pointer-subtraction'
===== BUILD LOG =====
Change Dir: /home/szh/opencv-4.8.0/build/CMakeFiles/CMakeTmp

Run Build Command(s):/usr/bin/gmake -f Makefile cmTC_32c58/fast && /usr/bin/gmake  -f CMakeFiles/cmTC_32c58.dir/build.make CMakeFiles/cmTC_32c58.dir/build
gmake[1]: Entering directory '/home/szh/opencv-4.8.0/build/CMakeFiles/CMakeTmp'
Building C object CMakeFiles/cmTC_32c58.dir/src.c.o
/usr/bin/cc   -fsigned-char -W -Wall -Wreturn-type -Waddress -Wsequence-point -Wformat -Wformat-security -Wmissing-declarations -Wmissing-prototypes -Wstrict-prototypes -Winit-self -Wpointer-arith -Wshadow -Wuninitialized -Wno-comment -Wno-strict-overflow -fdiagnostics-show-option -pthread -fomit-frame-pointer -ffunction-sections -fdata-sections   -fvisibility=hidden -Wno-undef -Wno-cast-align -Wno-implicit-fallthrough -Wno-unused-parameter -Wno-sign-compare -Wno-maybe-uninitialized  -O3 -DNDEBUG  -DNDEBUG -fPIE    -Wno-null-pointer-subtraction -o CMakeFiles/cmTC_32c58.dir/src.c.o -c /home/szh/opencv-4.8.0/build/CMakeFiles/CMakeTmp/src.c
/home/szh/opencv-4.8.0/build/CMakeFiles/CMakeTmp/src.c:1: warning: ignoring ‘#pragma  ’ [-Wunknown-pragmas]
    1 | #pragma
      | 
cc1: note: unrecognized command-line option ‘-Wno-null-pointer-subtraction’ may have been intended to silence earlier diagnostics
Linking C executable cmTC_32c58
/usr/bin/cmake -E cmake_link_script CMakeFiles/cmTC_32c58.dir/link.txt --verbose=1
/usr/bin/cc    -fsigned-char -W -Wall -Wreturn-type -Waddress -Wsequence-point -Wformat -Wformat-security -Wmissing-declarations -Wmissing-prototypes -Wstrict-prototypes -Winit-self -Wpointer-arith -Wshadow -Wuninitialized -Wno-comment -Wno-strict-overflow -fdiagnostics-show-option -pthread -fomit-frame-pointer -ffunction-sections -fdata-sections   -fvisibility=hidden -Wno-undef -Wno-cast-align -Wno-implicit-fallthrough -Wno-unused-parameter -Wno-sign-compare -Wno-maybe-uninitialized  -O3 -DNDEBUG  -DNDEBUG   -Wl,--gc-sections -Wl,--as-needed -Wl,--no-undefined  CMakeFiles/cmTC_32c58.dir/src.c.o -o cmTC_32c58 
gmake[1]: Leaving directory '/home/szh/opencv-4.8.0/build/CMakeFiles/CMakeTmp'


===== END =====

Build output check failed:
    Regex: 'unrecognized .*option'
    Output line: 'cc1plus: note: unrecognized command-line option ‘-Wno-inconsistent-missing-override’ may have been intended to silence earlier diagnostics'
Compilation failed:
    source file: '/home/szh/opencv-4.8.0/build/CMakeFiles/CMakeTmp/src.cxx'
    check option: ' -Wno-inconsistent-missing-override'
===== BUILD LOG =====
Change Dir: /home/szh/opencv-4.8.0/build/CMakeFiles/CMakeTmp

Run Build Command(s):/usr/bin/gmake -f Makefile cmTC_8a816/fast && /usr/bin/gmake  -f CMakeFiles/cmTC_8a816.dir/build.make CMakeFiles/cmTC_8a816.dir/build
gmake[1]: Entering directory '/home/szh/opencv-4.8.0/build/CMakeFiles/CMakeTmp'
Building CXX object CMakeFiles/cmTC_8a816.dir/src.cxx.o
/usr/bin/c++   -fsigned-char -W -Wall -Wreturn-type -Wnon-virtual-dtor -Waddress -Wsequence-point -Wformat -Wformat-security -Winit-self -Wpointer-arith -Wsign-promo -Wno-delete-non-virtual-dtor -Wno-comment -Wimplicit-fallthrough=3 -Wno-strict-overflow -fdiagnostics-show-option -pthread -fomit-frame-pointer -ffunction-sections -fdata-sections   -fvisibility=hidden -fvisibility-inlines-hidden -Wno-shadow -Wno-unused -Wno-sign-compare -Wno-undef -Wno-missing-declarations -Wno-uninitialized -Wno-switch -Wno-parentheses -Wno-array-bounds -Wno-extra -Wno-deprecated-declarations -Wno-misleading-indentation -Wno-deprecated -Wno-suggest-override  -O3 -DNDEBUG  -DNDEBUG -fPIE    -Wno-inconsistent-missing-override -std=c++11 -o CMakeFiles/cmTC_8a816.dir/src.cxx.o -c /home/szh/opencv-4.8.0/build/CMakeFiles/CMakeTmp/src.cxx
/home/szh/opencv-4.8.0/build/CMakeFiles/CMakeTmp/src.cxx:1: warning: ignoring ‘#pragma  ’ [-Wunknown-pragmas]
    1 | #pragma
      | 
cc1plus: note: unrecognized command-line option ‘-Wno-inconsistent-missing-override’ may have been intended to silence earlier diagnostics
Linking CXX executable cmTC_8a816
/usr/bin/cmake -E cmake_link_script CMakeFiles/cmTC_8a816.dir/link.txt --verbose=1
/usr/bin/c++    -fsigned-char -W -Wall -Wreturn-type -Wnon-virtual-dtor -Waddress -Wsequence-point -Wformat -Wformat-security -Winit-self -Wpointer-arith -Wsign-promo -Wno-delete-non-virtual-dtor -Wno-comment -Wimplicit-fallthrough=3 -Wno-strict-overflow -fdiagnostics-show-option -pthread -fomit-frame-pointer -ffunction-sections -fdata-sections   -fvisibility=hidden -fvisibility-inlines-hidden -Wno-shadow -Wno-unused -Wno-sign-compare -Wno-undef -Wno-missing-declarations -Wno-uninitialized -Wno-switch -Wno-parentheses -Wno-array-bounds -Wno-extra -Wno-deprecated-declarations -Wno-misleading-indentation -Wno-deprecated -Wno-suggest-override  -O3 -DNDEBUG  -DNDEBUG   -Wl,--gc-sections -Wl,--as-needed -Wl,--no-undefined  CMakeFiles/cmTC_8a816.dir/src.cxx.o -o cmTC_8a816 
gmake[1]: Leaving directory '/home/szh/opencv-4.8.0/build/CMakeFiles/CMakeTmp'


===== END =====

Build output check failed:
    Regex: 'unrecognized .*option'
    Output line: 'cc1plus: note: unrecognized command-line option ‘-Wno-implicit-const-int-float-conversion’ may have been intended to silence earlier diagnostics'
Compilation failed:
    source file: '/home/szh/opencv-4.8.0/build/CMakeFiles/CMakeTmp/src.cxx'
    check option: ' -Wno-implicit-const-int-float-conversion'
===== BUILD LOG =====
Change Dir: /home/szh/opencv-4.8.0/build/CMakeFiles/CMakeTmp

Run Build Command(s):/usr/bin/gmake -f Makefile cmTC_6d55e/fast && /usr/bin/gmake  -f CMakeFiles/cmTC_6d55e.dir/build.make CMakeFiles/cmTC_6d55e.dir/build
gmake[1]: Entering directory '/home/szh/opencv-4.8.0/build/CMakeFiles/CMakeTmp'
Building CXX object CMakeFiles/cmTC_6d55e.dir/src.cxx.o
/usr/bin/c++   -fsigned-char -W -Wall -Wreturn-type -Wnon-virtual-dtor -Waddress -Wsequence-point -Wformat -Wformat-security -Winit-self -Wpointer-arith -Wsign-promo -Wno-delete-non-virtual-dtor -Wno-comment -Wno-strict-overflow -fdiagnostics-show-option -pthread -fomit-frame-pointer -ffunction-sections -fdata-sections   -fvisibility=hidden -fvisibility-inlines-hidden -Wno-shadow -Wno-unused -Wno-sign-compare -Wno-undef -Wno-missing-declarations -Wno-uninitialized -Wno-switch -Wno-parentheses -Wno-array-bounds -Wno-extra -Wno-deprecated-declarations -Wno-misleading-indentation -Wno-deprecated -Wno-suggest-override -Wno-implicit-fallthrough -Wno-tautological-compare -Wno-reorder -Wno-unused-result  -O3 -DNDEBUG  -DNDEBUG -fPIE    -Wno-implicit-const-int-float-conversion -std=c++11 -o CMakeFiles/cmTC_6d55e.dir/src.cxx.o -c /home/szh/opencv-4.8.0/build/CMakeFiles/CMakeTmp/src.cxx
/home/szh/opencv-4.8.0/build/CMakeFiles/CMakeTmp/src.cxx:1: warning: ignoring ‘#pragma  ’ [-Wunknown-pragmas]
    1 | #pragma
      | 
cc1plus: note: unrecognized command-line option ‘-Wno-implicit-const-int-float-conversion’ may have been intended to silence earlier diagnostics
Linking CXX executable cmTC_6d55e
/usr/bin/cmake -E cmake_link_script CMakeFiles/cmTC_6d55e.dir/link.txt --verbose=1
/usr/bin/c++    -fsigned-char -W -Wall -Wreturn-type -Wnon-virtual-dtor -Waddress -Wsequence-point -Wformat -Wformat-security -Winit-self -Wpointer-arith -Wsign-promo -Wno-delete-non-virtual-dtor -Wno-comment -Wno-strict-overflow -fdiagnostics-show-option -pthread -fomit-frame-pointer -ffunction-sections -fdata-sections   -fvisibility=hidden -fvisibility-inlines-hidden -Wno-shadow -Wno-unused -Wno-sign-compare -Wno-undef -Wno-missing-declarations -Wno-uninitialized -Wno-switch -Wno-parentheses -Wno-array-bounds -Wno-extra -Wno-deprecated-declarations -Wno-misleading-indentation -Wno-deprecated -Wno-suggest-override -Wno-implicit-fallthrough -Wno-tautological-compare -Wno-reorder -Wno-unused-result  -O3 -DNDEBUG  -DNDEBUG   -Wl,--gc-sections -Wl,--as-needed -Wl,--no-undefined  CMakeFiles/cmTC_6d55e.dir/src.cxx.o -o cmTC_6d55e 
gmake[1]: Leaving directory '/home/szh/opencv-4.8.0/build/CMakeFiles/CMakeTmp'


===== END =====

Determining if the function sgemm_ exists failed with the following output:
Change Dir: /home/szh/opencv-4.8.0/build/CMakeFiles/CMakeScratch/TryCompile-5o09tv

Run Build Command(s):/usr/bin/gmake -f Makefile cmTC_121b2/fast && /usr/bin/gmake  -f CMakeFiles/cmTC_121b2.dir/build.make CMakeFiles/cmTC_121b2.dir/build
gmake[1]: Entering directory '/home/szh/opencv-4.8.0/build/CMakeFiles/CMakeScratch/TryCompile-5o09tv'
Building C object CMakeFiles/cmTC_121b2.dir/CheckFunctionExists.c.o
/usr/bin/cc   -fsigned-char -W -Wall -Wreturn-type -Waddress -Wsequence-point -Wformat -Wformat-security -Wmissing-declarations -Wmissing-prototypes -Wstrict-prototypes -Wundef -Winit-self -Wpointer-arith -Wshadow -Wuninitialized -Wno-comment -Wimplicit-fallthrough=3 -Wno-strict-overflow -fdiagnostics-show-option -pthread -fomit-frame-pointer -ffunction-sections -fdata-sections   -fvisibility=hidden -DCHECK_FUNCTION_EXISTS=sgemm_ -O3 -DNDEBUG  -DNDEBUG -fPIE -o CMakeFiles/cmTC_121b2.dir/CheckFunctionExists.c.o -c /home/szh/opencv-4.8.0/build/CMakeFiles/CMakeScratch/TryCompile-5o09tv/CheckFunctionExists.c
Linking C executable cmTC_121b2
/usr/bin/cmake -E cmake_link_script CMakeFiles/cmTC_121b2.dir/link.txt --verbose=1
/usr/bin/cc    -fsigned-char -W -Wall -Wreturn-type -Waddress -Wsequence-point -Wformat -Wformat-security -Wmissing-declarations -Wmissing-prototypes -Wstrict-prototypes -Wundef -Winit-self -Wpointer-arith -Wshadow -Wuninitialized -Wno-comment -Wimplicit-fallthrough=3 -Wno-strict-overflow -fdiagnostics-show-option -pthread -fomit-frame-pointer -ffunction-sections -fdata-sections   -fvisibility=hidden -DCHECK_FUNCTION_EXISTS=sgemm_ -O3 -DNDEBUG  -DNDEBUG   -Wl,--gc-sections -Wl,--as-needed -Wl,--no-undefined  CMakeFiles/cmTC_121b2.dir/CheckFunctionExists.c.o -o cmTC_121b2 
/usr/bin/ld: CMakeFiles/cmTC_121b2.dir/CheckFunctionExists.c.o: in function `main':
CheckFunctionExists.c:(.text.startup.main+0x10): undefined reference to `sgemm_'
collect2: error: ld returned 1 exit status
gmake[1]: *** [CMakeFiles/cmTC_121b2.dir/build.make:99: cmTC_121b2] Error 1
gmake[1]: Leaving directory '/home/szh/opencv-4.8.0/build/CMakeFiles/CMakeScratch/TryCompile-5o09tv'
gmake: *** [Makefile:127: cmTC_121b2/fast] Error 2



Build output check failed:
    Regex: 'unrecognized .*option'
    Output line: 'cc1plus: note: unrecognized command-line option ‘-Wno-tautological-undefined-compare’ may have been intended to silence earlier diagnostics'
Compilation failed:
    source file: '/home/szh/opencv-4.8.0/build/CMakeFiles/CMakeTmp/src.cxx'
    check option: ' -Wno-tautological-undefined-compare'
===== BUILD LOG =====
Change Dir: /home/szh/opencv-4.8.0/build/CMakeFiles/CMakeTmp

Run Build Command(s):/usr/bin/gmake -f Makefile cmTC_bf064/fast && /usr/bin/gmake  -f CMakeFiles/cmTC_bf064.dir/build.make CMakeFiles/cmTC_bf064.dir/build
gmake[1]: Entering directory '/home/szh/opencv-4.8.0/build/CMakeFiles/CMakeTmp'
Building CXX object CMakeFiles/cmTC_bf064.dir/src.cxx.o
/usr/bin/c++   -fsigned-char -W -Wall -Wreturn-type -Wnon-virtual-dtor -Waddress -Wsequence-point -Wformat -Wformat-security -Winit-self -Wpointer-arith -Wuninitialized -Wsuggest-override -Wno-delete-non-virtual-dtor -Wno-comment -Wimplicit-fallthrough=3 -Wno-strict-overflow -fdiagnostics-show-option -pthread -fomit-frame-pointer -ffunction-sections -fdata-sections   -fvisibility=hidden -fvisibility-inlines-hidden -Wno-deprecated -Wno-missing-declarations -Wno-shadow -Wno-unused-parameter -Wno-unused-local-typedefs -Wno-sign-compare -Wno-sign-promo -Wno-undef  -O3 -DNDEBUG  -DNDEBUG -fPIE    -Wno-tautological-undefined-compare -std=c++11 -o CMakeFiles/cmTC_bf064.dir/src.cxx.o -c /home/szh/opencv-4.8.0/build/CMakeFiles/CMakeTmp/src.cxx
/home/szh/opencv-4.8.0/build/CMakeFiles/CMakeTmp/src.cxx:1: warning: ignoring ‘#pragma  ’ [-Wunknown-pragmas]
    1 | #pragma
      | 
cc1plus: note: unrecognized command-line option ‘-Wno-tautological-undefined-compare’ may have been intended to silence earlier diagnostics
Linking CXX executable cmTC_bf064
/usr/bin/cmake -E cmake_link_script CMakeFiles/cmTC_bf064.dir/link.txt --verbose=1
/usr/bin/c++    -fsigned-char -W -Wall -Wreturn-type -Wnon-virtual-dtor -Waddress -Wsequence-point -Wformat -Wformat-security -Winit-self -Wpointer-arith -Wuninitialized -Wsuggest-override -Wno-delete-non-virtual-dtor -Wno-comment -Wimplicit-fallthrough=3 -Wno-strict-overflow -fdiagnostics-show-option -pthread -fomit-frame-pointer -ffunction-sections -fdata-sections   -fvisibility=hidden -fvisibility-inlines-hidden -Wno-deprecated -Wno-missing-declarations -Wno-shadow -Wno-unused-parameter -Wno-unused-local-typedefs -Wno-sign-compare -Wno-sign-promo -Wno-undef  -O3 -DNDEBUG  -DNDEBUG   -Wl,--gc-sections -Wl,--as-needed -Wl,--no-undefined  CMakeFiles/cmTC_bf064.dir/src.cxx.o -o cmTC_bf064 
gmake[1]: Leaving directory '/home/szh/opencv-4.8.0/build/CMakeFiles/CMakeTmp'


===== END =====

Build output check failed:
    Regex: 'unrecognized .*option'
    Output line: 'cc1plus: note: unrecognized command-line option ‘-Wno-shorten-64-to-32’ may have been intended to silence earlier diagnostics'
Compilation failed:
    source file: '/home/szh/opencv-4.8.0/build/CMakeFiles/CMakeTmp/src.cxx'
    check option: ' -Wno-shorten-64-to-32'
===== BUILD LOG =====
Change Dir: /home/szh/opencv-4.8.0/build/CMakeFiles/CMakeTmp

Run Build Command(s):/usr/bin/gmake -f Makefile cmTC_c53d0/fast && /usr/bin/gmake  -f CMakeFiles/cmTC_c53d0.dir/build.make CMakeFiles/cmTC_c53d0.dir/build
gmake[1]: Entering directory '/home/szh/opencv-4.8.0/build/CMakeFiles/CMakeTmp'
Building CXX object CMakeFiles/cmTC_c53d0.dir/src.cxx.o
/usr/bin/c++   -fsigned-char -W -Wall -Wreturn-type -Wnon-virtual-dtor -Waddress -Wsequence-point -Wformat -Wformat-security -Winit-self -Wpointer-arith -Wuninitialized -Wsuggest-override -Wno-delete-non-virtual-dtor -Wno-comment -Wimplicit-fallthrough=3 -Wno-strict-overflow -fdiagnostics-show-option -pthread -fomit-frame-pointer -ffunction-sections -fdata-sections   -fvisibility=hidden -fvisibility-inlines-hidden -Wno-deprecated -Wno-missing-declarations -Wno-shadow -Wno-unused-parameter -Wno-unused-local-typedefs -Wno-sign-compare -Wno-sign-promo -Wno-undef -Wno-ignored-qualifiers -Wno-extra -Wno-unused-function -Wno-unused-const-variable  -O3 -DNDEBUG  -DNDEBUG -fPIE    -Wno-shorten-64-to-32 -std=c++11 -o CMakeFiles/cmTC_c53d0.dir/src.cxx.o -c /home/szh/opencv-4.8.0/build/CMakeFiles/CMakeTmp/src.cxx
/home/szh/opencv-4.8.0/build/CMakeFiles/CMakeTmp/src.cxx:1: warning: ignoring ‘#pragma  ’ [-Wunknown-pragmas]
    1 | #pragma
      | 
cc1plus: note: unrecognized command-line option ‘-Wno-shorten-64-to-32’ may have been intended to silence earlier diagnostics
Linking CXX executable cmTC_c53d0
/usr/bin/cmake -E cmake_link_script CMakeFiles/cmTC_c53d0.dir/link.txt --verbose=1
/usr/bin/c++    -fsigned-char -W -Wall -Wreturn-type -Wnon-virtual-dtor -Waddress -Wsequence-point -Wformat -Wformat-security -Winit-self -Wpointer-arith -Wuninitialized -Wsuggest-override -Wno-delete-non-virtual-dtor -Wno-comment -Wimplicit-fallthrough=3 -Wno-strict-overflow -fdiagnostics-show-option -pthread -fomit-frame-pointer -ffunction-sections -fdata-sections   -fvisibility=hidden -fvisibility-inlines-hidden -Wno-deprecated -Wno-missing-declarations -Wno-shadow -Wno-unused-parameter -Wno-unused-local-typedefs -Wno-sign-compare -Wno-sign-promo -Wno-undef -Wno-ignored-qualifiers -Wno-extra -Wno-unused-function -Wno-unused-const-variable  -O3 -DNDEBUG  -DNDEBUG   -Wl,--gc-sections -Wl,--as-needed -Wl,--no-undefined  CMakeFiles/cmTC_c53d0.dir/src.cxx.o -o cmTC_c53d0 
gmake[1]: Leaving directory '/home/szh/opencv-4.8.0/build/CMakeFiles/CMakeTmp'


===== END =====

Build output check failed:
    Regex: 'unrecognized .*option'
    Output line: 'cc1plus: note: unrecognized command-line option ‘-Wno-enum-compare-switch’ may have been intended to silence earlier diagnostics'
Compilation failed:
    source file: '/home/szh/opencv-4.8.0/build/CMakeFiles/CMakeTmp/src.cxx'
    check option: ' -Wno-enum-compare-switch'
===== BUILD LOG =====
Change Dir: /home/szh/opencv-4.8.0/build/CMakeFiles/CMakeTmp

Run Build Command(s):/usr/bin/gmake -f Makefile cmTC_8d786/fast && /usr/bin/gmake  -f CMakeFiles/cmTC_8d786.dir/build.make CMakeFiles/cmTC_8d786.dir/build
gmake[1]: Entering directory '/home/szh/opencv-4.8.0/build/CMakeFiles/CMakeTmp'
Building CXX object CMakeFiles/cmTC_8d786.dir/src.cxx.o
/usr/bin/c++   -fsigned-char -W -Wall -Wreturn-type -Wnon-virtual-dtor -Waddress -Wsequence-point -Wformat -Wformat-security -Winit-self -Wpointer-arith -Wuninitialized -Wsuggest-override -Wno-delete-non-virtual-dtor -Wno-comment -Wimplicit-fallthrough=3 -Wno-strict-overflow -fdiagnostics-show-option -pthread -fomit-frame-pointer -ffunction-sections -fdata-sections   -fvisibility=hidden -fvisibility-inlines-hidden -Wno-deprecated -Wno-missing-declarations -Wno-shadow -Wno-unused-parameter -Wno-unused-local-typedefs -Wno-sign-compare -Wno-sign-promo -Wno-undef -Wno-ignored-qualifiers -Wno-extra -Wno-unused-function -Wno-unused-const-variable -Wno-invalid-offsetof  -O3 -DNDEBUG  -DNDEBUG -fPIE    -Wno-enum-compare-switch -std=c++11 -o CMakeFiles/cmTC_8d786.dir/src.cxx.o -c /home/szh/opencv-4.8.0/build/CMakeFiles/CMakeTmp/src.cxx
/home/szh/opencv-4.8.0/build/CMakeFiles/CMakeTmp/src.cxx:1: warning: ignoring ‘#pragma  ’ [-Wunknown-pragmas]
    1 | #pragma
      | 
cc1plus: note: unrecognized command-line option ‘-Wno-enum-compare-switch’ may have been intended to silence earlier diagnostics
Linking CXX executable cmTC_8d786
/usr/bin/cmake -E cmake_link_script CMakeFiles/cmTC_8d786.dir/link.txt --verbose=1
/usr/bin/c++    -fsigned-char -W -Wall -Wreturn-type -Wnon-virtual-dtor -Waddress -Wsequence-point -Wformat -Wformat-security -Winit-self -Wpointer-arith -Wuninitialized -Wsuggest-override -Wno-delete-non-virtual-dtor -Wno-comment -Wimplicit-fallthrough=3 -Wno-strict-overflow -fdiagnostics-show-option -pthread -fomit-frame-pointer -ffunction-sections -fdata-sections   -fvisibility=hidden -fvisibility-inlines-hidden -Wno-deprecated -Wno-missing-declarations -Wno-shadow -Wno-unused-parameter -Wno-unused-local-typedefs -Wno-sign-compare -Wno-sign-promo -Wno-undef -Wno-ignored-qualifiers -Wno-extra -Wno-unused-function -Wno-unused-const-variable -Wno-invalid-offsetof  -O3 -DNDEBUG  -DNDEBUG   -Wl,--gc-sections -Wl,--as-needed -Wl,--no-undefined  CMakeFiles/cmTC_8d786.dir/src.cxx.o -o cmTC_8d786 
gmake[1]: Leaving directory '/home/szh/opencv-4.8.0/build/CMakeFiles/CMakeTmp'


===== END =====

Determining if the include file sys/videoio.h exists failed with the following output:
Change Dir: /home/szh/opencv-4.8.0/build/CMakeFiles/CMakeScratch/TryCompile-Yc3Xxr

Run Build Command(s):/usr/bin/gmake -f Makefile cmTC_9bc9c/fast && /usr/bin/gmake  -f CMakeFiles/cmTC_9bc9c.dir/build.make CMakeFiles/cmTC_9bc9c.dir/build
gmake[1]: Entering directory '/home/szh/opencv-4.8.0/build/CMakeFiles/CMakeScratch/TryCompile-Yc3Xxr'
Building C object CMakeFiles/cmTC_9bc9c.dir/CheckIncludeFile.c.o
/usr/bin/cc   -fsigned-char -W -Wall -Wreturn-type -Waddress -Wsequence-point -Wformat -Wformat-security -Wmissing-declarations -Wmissing-prototypes -Wstrict-prototypes -Wundef -Winit-self -Wpointer-arith -Wshadow -Wuninitialized -Wno-comment -Wimplicit-fallthrough=3 -Wno-strict-overflow -fdiagnostics-show-option -pthread -fomit-frame-pointer -ffunction-sections -fdata-sections   -fvisibility=hidden  -O3 -DNDEBUG  -DNDEBUG -fPIE -o CMakeFiles/cmTC_9bc9c.dir/CheckIncludeFile.c.o -c /home/szh/opencv-4.8.0/build/CMakeFiles/CMakeScratch/TryCompile-Yc3Xxr/CheckIncludeFile.c
/home/szh/opencv-4.8.0/build/CMakeFiles/CMakeScratch/TryCompile-Yc3Xxr/CheckIncludeFile.c:1:10: fatal error: sys/videoio.h: No such file or directory
    1 | #include <sys/videoio.h>
      |          ^~~~~~~~~~~~~~~
compilation terminated.
gmake[1]: *** [CMakeFiles/cmTC_9bc9c.dir/build.make:78: CMakeFiles/cmTC_9bc9c.dir/CheckIncludeFile.c.o] Error 1
gmake[1]: Leaving directory '/home/szh/opencv-4.8.0/build/CMakeFiles/CMakeScratch/TryCompile-Yc3Xxr'
gmake: *** [Makefile:127: cmTC_9bc9c/fast] Error 2



